  ConsoleApplication1.cpp
C:\Users\Volodya\Desktop\Assignment-2-OOP\ConsoleApplication1\ConsoleApplication1\ConsoleApplication1.cpp(57,32): warning C4244: 'initializing': conversion from 'int' to 'float', possible loss of data
C:\Users\Volodya\Desktop\Assignment-2-OOP\ConsoleApplication1\ConsoleApplication1\ConsoleApplication1.cpp(88,28): warning C4244: 'initializing': conversion from 'int' to 'float', possible loss of data
C:\Program Files\Microsoft Visual Studio\2022\Community\VC\Tools\MSVC\14.41.34120\include\xmemory(700,82): error C2661: 'Information::Information': no overloaded function takes 5 arguments
  (compiling source file 'ConsoleApplication1.cpp')
      C:\Program Files\Microsoft Visual Studio\2022\Community\VC\Tools\MSVC\14.41.34120\include\xmemory(700,82):
      while trying to match the argument list '(_Ty, const char [9], int, int, int)'
          with
          [
              _Ty=int
          ]
      C:\Program Files\Microsoft Visual Studio\2022\Community\VC\Tools\MSVC\14.41.34120\include\xmemory(700,82):
      the template instantiation context (the oldest one first) is
          C:\Users\Volodya\Desktop\Assignment-2-OOP\ConsoleApplication1\ConsoleApplication1\ConsoleApplication1.cpp(266,29):
          see reference to function template instantiation 'void std::vector<Information,std::allocator<Information>>::emplace_back<int,const char(&)[9],int&,int&,int&>(int &&,const char (&)[9],int &,int &,int &)' being compiled
          C:\Program Files\Microsoft Visual Studio\2022\Community\VC\Tools\MSVC\14.41.34120\include\vector(858,24):
          see reference to function template instantiation '_Ty &std::vector<_Ty,std::allocator<_Ty>>::_Emplace_one_at_back<int,const char(&)[9],int&,int&,int&>(int &&,const char (&)[9],int &,int &,int &)' being compiled
          with
          [
              _Ty=Information
          ]
          C:\Program Files\Microsoft Visual Studio\2022\Community\VC\Tools\MSVC\14.41.34120\include\vector(776,20):
          see reference to function template instantiation '_Ty &std::vector<_Ty,std::allocator<_Ty>>::_Emplace_back_with_unused_capacity<int,const char(&)[9],int&,int&,int&>(int &&,const char (&)[9],int &,int &,int &)' being compiled
          with
          [
              _Ty=Information
          ]
          C:\Program Files\Microsoft Visual Studio\2022\Community\VC\Tools\MSVC\14.41.34120\include\vector(794,27):
          see reference to function template instantiation 'void std::_Default_allocator_traits<_Alloc>::construct<_Ty,int,const char(&)[9],int&,int&,int&>(_Alloc &,_Objty *const ,int &&,const char (&)[9],int &,int &,int &)' being compiled
          with
          [
              _Alloc=std::allocator<Information>,
              _Ty=Information,
              _Objty=Information
          ]
  
